<?xml version="1.0" encoding="UTF-8"?>
<!-- Generated by org.testng.reporters.JUnitReportReporter -->
<testsuite hostname="DESKTOP-6JUGJ4I" failures="0" tests="6" name="com.tripadvisor.webapp.tests.HomePageTest" time="30.163" errors="0" timestamp="2023-05-12T22:09:27 IST" skipped="0">
  <testcase classname="com.tripadvisor.webapp.tests.HomePageTest" name="TC_TripAdvisor_HomePage_002" time="3.657"/>
  <system-out/>
  <testcase classname="com.tripadvisor.webapp.tests.HomePageTest" name="TC_TripAdvisor_HomePage_003" time="7.474"/>
  <system-out/>
  <testcase classname="com.tripadvisor.webapp.tests.HomePageTest" name="TC_TripAdvisor_HomePage_003" time="6.799"/>
  <system-out/>
  <testcase classname="com.tripadvisor.webapp.tests.HomePageTest" name="TC_TripAdvisor_HomePage_001" time="4.059"/>
  <system-out/>
  <testcase classname="com.tripadvisor.webapp.tests.HomePageTest" name="TC_TripAdvisor_HomePage_001" time="4.070"/>
  <system-out/>
  <testcase classname="com.tripadvisor.webapp.tests.HomePageTest" name="TC_TripAdvisor_HomePage_002" time="4.104"/>
  <system-out/>
</testsuite> <!-- com.tripadvisor.webapp.tests.HomePageTest -->
